2021-11-22 22:28:57 INFO  LoggerHelper:24 - Logger is configured
  2021-11-22 22:28:57 INFO  LoggerHelper:25 - Logger is testing
  2021-11-22 22:44:29 INFO  LoggerHelper:25 - Logger is configured
  2021-11-22 22:44:29 INFO  LoggerHelper:26 - Logger is testing
  2021-11-24 22:40:50 INFO  TestBase:39 - Before Suite Exceution Enviroment: production
  2021-11-24 22:40:50 INFO  TestBase:40 - Project path is : /Users/ashu/eclipse-workspace/OrangeHRM/
  2021-11-24 22:40:50 INFO  TestBase:41 - Automation Reports: /Users/ashu/eclipse-workspace/OrangeHRM/AutomationReport/
  2021-11-24 22:40:50 INFO  TestBase:42 - Image :/Users/ashu/eclipse-workspace/OrangeHRM/src/test/resources/images/
  2021-11-24 22:40:50 INFO  TestBase:43 - Properties: /Users/ashu/eclipse-workspace/OrangeHRM/src/test/resources/propertiesFile/
  2021-11-24 22:41:01 INFO  TestBase:46 - Driver initialization......
  2021-11-24 22:41:07 INFO  TestBase:48 - Application Launch successfully
  2021-11-24 22:41:07 INFO  TestBase:50 - Maximizing Window
  2021-11-24 22:43:38 INFO  TestBase:40 - Before Suite Exceution Enviroment: production
  2021-11-24 22:43:38 INFO  TestBase:41 - Project path is : /Users/ashu/eclipse-workspace/OrangeHRM/
  2021-11-24 22:43:38 INFO  TestBase:42 - Automation Reports: /Users/ashu/eclipse-workspace/OrangeHRM/AutomationReport/
  2021-11-24 22:43:38 INFO  TestBase:43 - Image :/Users/ashu/eclipse-workspace/OrangeHRM/src/test/resources/images/
  2021-11-24 22:43:38 INFO  TestBase:44 - Properties: /Users/ashu/eclipse-workspace/OrangeHRM/src/test/resources/propertiesFile/
  2021-11-24 22:43:43 INFO  TestBase:47 - Driver initialization......
  2021-11-24 22:43:51 INFO  TestBase:49 - Application Launch successfully
  2021-11-24 22:43:51 INFO  TestBase:51 - Maximizing Window
  2021-11-24 22:43:51 INFO  WaitHelper:29 - Implicit wait has been set to: 10
  2021-11-24 22:43:52 INFO  TestBase:66 - Execution completed on Enviroment: production
  2021-11-24 22:43:52 INFO  TestBase:67 - Project path is : /Users/ashu/eclipse-workspace/OrangeHRM/
  2021-11-24 22:43:52 INFO  TestBase:68 - Automation Reports generated on : /Users/ashu/eclipse-workspace/OrangeHRM/AutomationReport/
  2021-11-24 22:43:52 INFO  TestBase:69 - Image available on :/Users/ashu/eclipse-workspace/OrangeHRM/src/test/resources/images/
  2021-11-24 22:43:52 INFO  TestBase:73 - Browser is closing....
  2021-11-24 22:45:08 INFO  TestBase:40 - Before Suite Exceution Enviroment: production
  2021-11-24 22:45:08 INFO  TestBase:41 - Project path is : /Users/ashu/eclipse-workspace/OrangeHRM/
  2021-11-24 22:45:08 INFO  TestBase:42 - Automation Reports: /Users/ashu/eclipse-workspace/OrangeHRM/AutomationReport/
  2021-11-24 22:45:08 INFO  TestBase:43 - Image :/Users/ashu/eclipse-workspace/OrangeHRM/src/test/resources/images/
  2021-11-24 22:45:08 INFO  TestBase:44 - Properties: /Users/ashu/eclipse-workspace/OrangeHRM/src/test/resources/propertiesFile/
  2021-11-24 22:45:12 INFO  TestBase:47 - Driver initialization......
  2021-11-24 22:45:17 INFO  TestBase:49 - Application Launch successfully
  2021-11-24 22:45:18 INFO  TestBase:51 - Maximizing Window
  2021-11-24 22:45:18 INFO  WaitHelper:29 - Implicit wait has been set to: 10
  2021-11-24 22:45:18 INFO  TestBase:66 - Execution completed on Enviroment: production
  2021-11-24 22:45:18 INFO  TestBase:67 - Project path is : /Users/ashu/eclipse-workspace/OrangeHRM/
  2021-11-24 22:45:18 INFO  TestBase:68 - Automation Reports generated on : /Users/ashu/eclipse-workspace/OrangeHRM/AutomationReport/
  2021-11-24 22:45:18 INFO  TestBase:69 - Image available on :/Users/ashu/eclipse-workspace/OrangeHRM/src/test/resources/images/
  2021-11-24 22:45:18 INFO  TestBase:73 - Browser is closing....
  2021-11-24 23:02:37 INFO  TestBase:40 - Before Suite Exceution Enviroment: production
  2021-11-24 23:02:37 INFO  TestBase:41 - Project path is : /Users/ashu/eclipse-workspace/OrangeHRM/
  2021-11-24 23:02:37 INFO  TestBase:42 - Automation Reports: /Users/ashu/eclipse-workspace/OrangeHRM/AutomationReport/
  2021-11-24 23:02:37 INFO  TestBase:43 - Image :/Users/ashu/eclipse-workspace/OrangeHRM/src/test/resources/images/
  2021-11-24 23:02:37 INFO  TestBase:44 - Properties: /Users/ashu/eclipse-workspace/OrangeHRM/src/test/resources/propertiesFile/
  2021-11-24 23:02:41 INFO  TestBase:47 - Driver initialization......
  2021-11-24 23:02:46 INFO  TestBase:49 - Application Launch successfully
  2021-11-24 23:02:46 INFO  TestBase:51 - Maximizing Window
  2021-11-24 23:02:46 INFO  WaitHelper:29 - Implicit wait has been set to: 10
  2021-11-24 23:02:47 INFO  TestBase:66 - Execution completed on Enviroment: production
  2021-11-24 23:02:47 INFO  TestBase:67 - Project path is : /Users/ashu/eclipse-workspace/OrangeHRM/
  2021-11-24 23:02:47 INFO  TestBase:68 - Automation Reports generated on : /Users/ashu/eclipse-workspace/OrangeHRM/AutomationReport/
  2021-11-24 23:02:47 INFO  TestBase:69 - Image available on :/Users/ashu/eclipse-workspace/OrangeHRM/src/test/resources/images/
  2021-11-24 23:02:47 INFO  TestBase:73 - Browser is closing....
  2021-11-24 23:07:43 INFO  TestBase:40 - Before Suite Exceution Enviroment: production
  2021-11-24 23:07:43 INFO  TestBase:41 - Project path is : /Users/ashu/eclipse-workspace/OrangeHRM/
  2021-11-24 23:07:43 INFO  TestBase:42 - Automation Reports: /Users/ashu/eclipse-workspace/OrangeHRM/AutomationReport/
  2021-11-24 23:07:43 INFO  TestBase:43 - Image :/Users/ashu/eclipse-workspace/OrangeHRM/src/test/resources/images/
  2021-11-24 23:07:43 INFO  TestBase:44 - Properties: /Users/ashu/eclipse-workspace/OrangeHRM/src/test/resources/propertiesFile/
  2021-11-24 23:07:46 INFO  TestBase:47 - Driver initialization......
  2021-11-24 23:07:51 INFO  TestBase:49 - Application Launch successfully
  2021-11-24 23:07:51 INFO  TestBase:51 - Maximizing Window
  2021-11-24 23:07:51 INFO  WaitHelper:29 - Implicit wait has been set to: 10
  2021-11-24 23:07:51 INFO  TestBase:66 - Execution completed on Enviroment: production
  2021-11-24 23:07:51 INFO  TestBase:67 - Project path is : /Users/ashu/eclipse-workspace/OrangeHRM/
  2021-11-24 23:07:51 INFO  TestBase:68 - Automation Reports generated on : /Users/ashu/eclipse-workspace/OrangeHRM/AutomationReport/
  2021-11-24 23:07:51 INFO  TestBase:69 - Image available on :/Users/ashu/eclipse-workspace/OrangeHRM/src/test/resources/images/
  2021-11-24 23:07:51 INFO  TestBase:73 - Browser is closing....
  2021-11-24 23:08:47 INFO  TestBase:40 - Before Suite Exceution Enviroment: production
  2021-11-24 23:08:47 INFO  TestBase:41 - Project path is : /Users/ashu/eclipse-workspace/OrangeHRM/
  2021-11-24 23:08:47 INFO  TestBase:42 - Automation Reports: /Users/ashu/eclipse-workspace/OrangeHRM/AutomationReport/
  2021-11-24 23:08:47 INFO  TestBase:43 - Image :/Users/ashu/eclipse-workspace/OrangeHRM/src/test/resources/images/
  2021-11-24 23:08:47 INFO  TestBase:44 - Properties: /Users/ashu/eclipse-workspace/OrangeHRM/src/test/resources/propertiesFile/
  2021-11-24 23:08:50 INFO  TestBase:47 - Driver initialization......
  2021-11-24 23:08:54 INFO  TestBase:49 - Application Launch successfully
  2021-11-24 23:08:54 INFO  TestBase:51 - Maximizing Window
  2021-11-24 23:08:54 INFO  WaitHelper:29 - Implicit wait has been set to: 10
  2021-11-24 23:08:55 INFO  TestBase:66 - Execution completed on Enviroment: production
  2021-11-24 23:08:55 INFO  TestBase:67 - Project path is : /Users/ashu/eclipse-workspace/OrangeHRM/
  2021-11-24 23:08:55 INFO  TestBase:68 - Automation Reports generated on : /Users/ashu/eclipse-workspace/OrangeHRM/AutomationReport/
  2021-11-24 23:08:55 INFO  TestBase:69 - Image available on :/Users/ashu/eclipse-workspace/OrangeHRM/src/test/resources/images/
  2021-11-24 23:08:55 INFO  TestBase:73 - Browser is closing....
  2021-11-24 23:11:44 INFO  TestBase:40 - Before Suite Exceution Enviroment: production
  2021-11-24 23:11:44 INFO  TestBase:41 - Project path is : /Users/ashu/eclipse-workspace/OrangeHRM/
  2021-11-24 23:11:44 INFO  TestBase:42 - Automation Reports: /Users/ashu/eclipse-workspace/OrangeHRM/AutomationReport/
  2021-11-24 23:11:44 INFO  TestBase:43 - Image :/Users/ashu/eclipse-workspace/OrangeHRM/src/test/resources/images/
  2021-11-24 23:11:44 INFO  TestBase:44 - Properties: /Users/ashu/eclipse-workspace/OrangeHRM/src/test/resources/propertiesFile/
  2021-11-24 23:11:47 INFO  TestBase:47 - Driver initialization......
  2021-11-24 23:11:50 INFO  TestBase:49 - Application Launch successfully
  2021-11-24 23:11:51 INFO  TestBase:51 - Maximizing Window
  2021-11-24 23:11:51 INFO  WaitHelper:30 - Implicit wait has been set to: 10
  2021-11-24 23:11:51 INFO  TestBase:66 - Execution completed on Enviroment: production
  2021-11-24 23:11:51 INFO  TestBase:67 - Project path is : /Users/ashu/eclipse-workspace/OrangeHRM/
  2021-11-24 23:11:51 INFO  TestBase:68 - Automation Reports generated on : /Users/ashu/eclipse-workspace/OrangeHRM/AutomationReport/
  2021-11-24 23:11:51 INFO  TestBase:69 - Image available on :/Users/ashu/eclipse-workspace/OrangeHRM/src/test/resources/images/
  2021-11-24 23:11:51 INFO  TestBase:73 - Browser is closing....
  2021-11-24 23:13:14 INFO  TestBase:40 - Before Suite Exceution Enviroment: production
  2021-11-24 23:13:14 INFO  TestBase:41 - Project path is : /Users/ashu/eclipse-workspace/OrangeHRM/
  2021-11-24 23:13:14 INFO  TestBase:42 - Automation Reports: /Users/ashu/eclipse-workspace/OrangeHRM/AutomationReport/
  2021-11-24 23:13:14 INFO  TestBase:43 - Image :/Users/ashu/eclipse-workspace/OrangeHRM/src/test/resources/images/
  2021-11-24 23:13:14 INFO  TestBase:44 - Properties: /Users/ashu/eclipse-workspace/OrangeHRM/src/test/resources/propertiesFile/
  2021-11-24 23:13:16 INFO  TestBase:47 - Driver initialization......
  2021-11-24 23:13:20 INFO  TestBase:49 - Application Launch successfully
  2021-11-24 23:13:20 INFO  TestBase:51 - Maximizing Window
  2021-11-24 23:13:20 INFO  WaitHelper:30 - Implicit wait has been set to: 10
  2021-11-24 23:13:20 INFO  TestBase:66 - Execution completed on Enviroment: production
  2021-11-24 23:13:20 INFO  TestBase:67 - Project path is : /Users/ashu/eclipse-workspace/OrangeHRM/
  2021-11-24 23:13:20 INFO  TestBase:68 - Automation Reports generated on : /Users/ashu/eclipse-workspace/OrangeHRM/AutomationReport/
  2021-11-24 23:13:20 INFO  TestBase:69 - Image available on :/Users/ashu/eclipse-workspace/OrangeHRM/src/test/resources/images/
  2021-11-24 23:13:20 INFO  TestBase:73 - Browser is closing....
  2021-11-24 23:14:22 INFO  TestBase:40 - Before Suite Exceution Enviroment: production
  2021-11-24 23:14:22 INFO  TestBase:41 - Project path is : /Users/ashu/eclipse-workspace/OrangeHRM/
  2021-11-24 23:14:22 INFO  TestBase:42 - Automation Reports: /Users/ashu/eclipse-workspace/OrangeHRM/AutomationReport/
  2021-11-24 23:14:22 INFO  TestBase:43 - Image :/Users/ashu/eclipse-workspace/OrangeHRM/src/test/resources/images/
  2021-11-24 23:14:22 INFO  TestBase:44 - Properties: /Users/ashu/eclipse-workspace/OrangeHRM/src/test/resources/propertiesFile/
  2021-11-24 23:14:24 INFO  TestBase:47 - Driver initialization......
  2021-11-24 23:14:29 INFO  TestBase:49 - Application Launch successfully
  2021-11-24 23:14:29 INFO  TestBase:51 - Maximizing Window
  2021-11-24 23:14:29 INFO  WaitHelper:29 - Implicit wait has been set to: 10
  2021-11-24 23:14:29 INFO  TestBase:66 - Execution completed on Enviroment: production
  2021-11-24 23:14:29 INFO  TestBase:67 - Project path is : /Users/ashu/eclipse-workspace/OrangeHRM/
  2021-11-24 23:14:29 INFO  TestBase:68 - Automation Reports generated on : /Users/ashu/eclipse-workspace/OrangeHRM/AutomationReport/
  2021-11-24 23:14:29 INFO  TestBase:69 - Image available on :/Users/ashu/eclipse-workspace/OrangeHRM/src/test/resources/images/
  2021-11-24 23:14:29 INFO  TestBase:73 - Browser is closing....
  2021-11-24 23:18:38 INFO  TestBase:40 - Before Suite Exceution Enviroment: production
  2021-11-24 23:18:38 INFO  TestBase:41 - Project path is : /Users/ashu/eclipse-workspace/OrangeHRM/
  2021-11-24 23:18:38 INFO  TestBase:42 - Automation Reports: /Users/ashu/eclipse-workspace/OrangeHRM/AutomationReport/
  2021-11-24 23:18:38 INFO  TestBase:43 - Image :/Users/ashu/eclipse-workspace/OrangeHRM/src/test/resources/images/
  2021-11-24 23:18:38 INFO  TestBase:44 - Properties: /Users/ashu/eclipse-workspace/OrangeHRM/src/test/resources/propertiesFile/
  2021-11-24 23:18:40 INFO  TestBase:47 - Driver initialization......
  2021-11-24 23:18:44 INFO  TestBase:49 - Application Launch successfully
  2021-11-24 23:18:44 INFO  TestBase:51 - Maximizing Window
  2021-11-24 23:18:44 INFO  WaitHelper:29 - Implicit wait has been set to: 10
  2021-11-24 23:18:45 INFO  TestBase:66 - Execution completed on Enviroment: production
  2021-11-24 23:18:45 INFO  TestBase:67 - Project path is : /Users/ashu/eclipse-workspace/OrangeHRM/
  2021-11-24 23:18:45 INFO  TestBase:68 - Automation Reports generated on : /Users/ashu/eclipse-workspace/OrangeHRM/AutomationReport/
  2021-11-24 23:18:45 INFO  TestBase:69 - Image available on :/Users/ashu/eclipse-workspace/OrangeHRM/src/test/resources/images/
  2021-11-24 23:18:45 INFO  TestBase:73 - Browser is closing....
  2021-11-24 23:19:52 INFO  TestBase:40 - Before Suite Exceution Enviroment: production
  2021-11-24 23:19:52 INFO  TestBase:41 - Project path is : /Users/ashu/eclipse-workspace/OrangeHRM/
  2021-11-24 23:19:52 INFO  TestBase:42 - Automation Reports: /Users/ashu/eclipse-workspace/OrangeHRM/AutomationReport/
  2021-11-24 23:19:52 INFO  TestBase:43 - Image :/Users/ashu/eclipse-workspace/OrangeHRM/src/test/resources/images/
  2021-11-24 23:19:52 INFO  TestBase:44 - Properties: /Users/ashu/eclipse-workspace/OrangeHRM/src/test/resources/propertiesFile/
  2021-11-24 23:19:54 INFO  TestBase:47 - Driver initialization......
  2021-11-24 23:19:58 INFO  TestBase:49 - Application Launch successfully
  2021-11-24 23:19:59 INFO  TestBase:51 - Maximizing Window
  2021-11-24 23:19:59 INFO  WaitHelper:29 - Implicit wait has been set to: 10
  2021-11-24 23:19:59 INFO  TestBase:66 - Execution completed on Enviroment: production
  2021-11-24 23:19:59 INFO  TestBase:67 - Project path is : /Users/ashu/eclipse-workspace/OrangeHRM/
  2021-11-24 23:19:59 INFO  TestBase:68 - Automation Reports generated on : /Users/ashu/eclipse-workspace/OrangeHRM/AutomationReport/
  2021-11-24 23:19:59 INFO  TestBase:69 - Image available on :/Users/ashu/eclipse-workspace/OrangeHRM/src/test/resources/images/
  2021-11-24 23:19:59 INFO  TestBase:73 - Browser is closing....
  2021-11-24 23:20:46 INFO  TestBase:40 - Before Suite Exceution Enviroment: production
  2021-11-24 23:20:46 INFO  TestBase:41 - Project path is : /Users/ashu/eclipse-workspace/OrangeHRM/
  2021-11-24 23:20:46 INFO  TestBase:42 - Automation Reports: /Users/ashu/eclipse-workspace/OrangeHRM/AutomationReport/
  2021-11-24 23:20:46 INFO  TestBase:43 - Image :/Users/ashu/eclipse-workspace/OrangeHRM/src/test/resources/images/
  2021-11-24 23:20:46 INFO  TestBase:44 - Properties: /Users/ashu/eclipse-workspace/OrangeHRM/src/test/resources/propertiesFile/
  2021-11-24 23:20:49 INFO  TestBase:47 - Driver initialization......
  2021-11-24 23:20:53 INFO  TestBase:49 - Application Launch successfully
  2021-11-24 23:20:53 INFO  TestBase:51 - Maximizing Window
  2021-11-24 23:20:53 INFO  WaitHelper:29 - Implicit wait has been set to: 10
  2021-11-24 23:20:54 INFO  TestBase:66 - Execution completed on Enviroment: production
  2021-11-24 23:20:54 INFO  TestBase:67 - Project path is : /Users/ashu/eclipse-workspace/OrangeHRM/
  2021-11-24 23:20:54 INFO  TestBase:68 - Automation Reports generated on : /Users/ashu/eclipse-workspace/OrangeHRM/AutomationReport/
  2021-11-24 23:20:54 INFO  TestBase:69 - Image available on :/Users/ashu/eclipse-workspace/OrangeHRM/src/test/resources/images/
  2021-11-24 23:20:54 INFO  TestBase:73 - Browser is closing....
  2021-11-24 23:21:53 INFO  TestBase:40 - Before Suite Exceution Enviroment: production
  2021-11-24 23:21:53 INFO  TestBase:41 - Project path is : /Users/ashu/eclipse-workspace/OrangeHRM/
  2021-11-24 23:21:53 INFO  TestBase:42 - Automation Reports: /Users/ashu/eclipse-workspace/OrangeHRM/AutomationReport/
  2021-11-24 23:21:53 INFO  TestBase:43 - Image :/Users/ashu/eclipse-workspace/OrangeHRM/src/test/resources/images/
  2021-11-24 23:21:53 INFO  TestBase:44 - Properties: /Users/ashu/eclipse-workspace/OrangeHRM/src/test/resources/propertiesFile/
  2021-11-24 23:21:56 INFO  TestBase:47 - Driver initialization......
  2021-11-24 23:22:00 INFO  TestBase:49 - Application Launch successfully
  2021-11-24 23:22:00 INFO  TestBase:51 - Maximizing Window
  2021-11-24 23:22:00 INFO  WaitHelper:29 - Implicit wait has been set to: 10
  2021-11-24 23:22:01 INFO  Library:50 - [[ChromeDriver: chrome on MAC (7bb223411b7e86f3825204c9b5c4f759)] -> id: txtUsername] value is cleared.
  2021-11-24 23:22:01 INFO  Library:37 - Admin value set to [[ChromeDriver: chrome on MAC (7bb223411b7e86f3825204c9b5c4f759)] -> id: txtUsername]
  2021-11-24 23:22:01 INFO  Library:50 - [[ChromeDriver: chrome on MAC (7bb223411b7e86f3825204c9b5c4f759)] -> name: txtPassword] value is cleared.
  2021-11-24 23:22:01 INFO  Library:37 - Admin value set to [[ChromeDriver: chrome on MAC (7bb223411b7e86f3825204c9b5c4f759)] -> name: txtPassword]
  2021-11-24 23:22:02 INFO  Library:23 - [[ChromeDriver: chrome on MAC (7bb223411b7e86f3825204c9b5c4f759)] -> id: btnLogin] got clicked.
  2021-11-24 23:22:02 INFO  TestBase:66 - Execution completed on Enviroment: production
  2021-11-24 23:22:02 INFO  TestBase:67 - Project path is : /Users/ashu/eclipse-workspace/OrangeHRM/
  2021-11-24 23:22:02 INFO  TestBase:68 - Automation Reports generated on : /Users/ashu/eclipse-workspace/OrangeHRM/AutomationReport/
  2021-11-24 23:22:02 INFO  TestBase:69 - Image available on :/Users/ashu/eclipse-workspace/OrangeHRM/src/test/resources/images/
  2021-11-24 23:22:02 INFO  TestBase:73 - Browser is closing....
  2021-11-25 09:35:00 INFO  TestBase:40 - Before Suite Exceution Enviroment: production
  2021-11-25 09:35:00 INFO  TestBase:41 - Project path is : /Users/ashu/eclipse-workspace/OrangeHRM/
  2021-11-25 09:35:00 INFO  TestBase:42 - Automation Reports: /Users/ashu/eclipse-workspace/OrangeHRM/AutomationReport/
  2021-11-25 09:35:00 INFO  TestBase:43 - Image :/Users/ashu/eclipse-workspace/OrangeHRM/src/test/resources/images/
  2021-11-25 09:35:00 INFO  TestBase:44 - Properties: /Users/ashu/eclipse-workspace/OrangeHRM/src/test/resources/propertiesFile/
  2021-11-25 09:35:04 INFO  TestBase:47 - Driver initialization......
  2021-11-25 09:35:08 INFO  TestBase:49 - Application Launch successfully
  2021-11-25 09:35:09 INFO  TestBase:51 - Maximizing Window
  2021-11-25 09:35:09 INFO  WaitHelper:29 - Implicit wait has been set to: 10
  2021-11-25 09:35:09 INFO  WaitHelper:55 - [[ChromeDriver: chrome on MAC (120a0496eb9bd1273b9fdf6661f9365a)] -> xpath: //img[contains(@src,'logo')]]element is not visible after 10 seconds.
  2021-11-25 09:35:09 INFO  Library:50 - [[ChromeDriver: chrome on MAC (120a0496eb9bd1273b9fdf6661f9365a)] -> id: txtUsername] value is cleared.
  2021-11-25 09:35:09 INFO  Library:37 - Admin value set to [[ChromeDriver: chrome on MAC (120a0496eb9bd1273b9fdf6661f9365a)] -> id: txtUsername]
  2021-11-25 09:35:09 INFO  Library:50 - [[ChromeDriver: chrome on MAC (120a0496eb9bd1273b9fdf6661f9365a)] -> name: txtPassword] value is cleared.
  2021-11-25 09:35:09 INFO  Library:37 - Admin value set to [[ChromeDriver: chrome on MAC (120a0496eb9bd1273b9fdf6661f9365a)] -> name: txtPassword]
  2021-11-25 09:35:11 INFO  Library:23 - [[ChromeDriver: chrome on MAC (120a0496eb9bd1273b9fdf6661f9365a)] -> id: btnLogin] got clicked.
  2021-11-25 09:35:41 INFO  WaitHelper:55 - Proxy element for: DefaultElementLocator 'By.id: welcome'element is not visible after 10 seconds.
  2021-11-25 09:35:41 INFO  TestBase:64 - Execution completed on Enviroment: production
  2021-11-25 09:35:41 INFO  TestBase:65 - Project path is : /Users/ashu/eclipse-workspace/OrangeHRM/
  2021-11-25 09:35:41 INFO  TestBase:66 - Automation Reports generated on : /Users/ashu/eclipse-workspace/OrangeHRM/AutomationReport/
  2021-11-25 09:35:41 INFO  TestBase:67 - Image available on :/Users/ashu/eclipse-workspace/OrangeHRM/src/test/resources/images/
  2021-11-25 09:35:41 INFO  TestBase:71 - Browser is closing....
  2021-11-25 09:36:20 INFO  TestBase:40 - Before Suite Exceution Enviroment: production
  2021-11-25 09:36:20 INFO  TestBase:41 - Project path is : /Users/ashu/eclipse-workspace/OrangeHRM/
  2021-11-25 09:36:20 INFO  TestBase:42 - Automation Reports: /Users/ashu/eclipse-workspace/OrangeHRM/AutomationReport/
  2021-11-25 09:36:20 INFO  TestBase:43 - Image :/Users/ashu/eclipse-workspace/OrangeHRM/src/test/resources/images/
  2021-11-25 09:36:20 INFO  TestBase:44 - Properties: /Users/ashu/eclipse-workspace/OrangeHRM/src/test/resources/propertiesFile/
  2021-11-25 09:36:23 INFO  TestBase:47 - Driver initialization......
  2021-11-25 09:36:27 INFO  TestBase:49 - Application Launch successfully
  2021-11-25 09:36:27 INFO  TestBase:51 - Maximizing Window
  2021-11-25 09:36:27 INFO  WaitHelper:29 - Implicit wait has been set to: 10
  2021-11-25 09:36:27 INFO  WaitHelper:55 - [[ChromeDriver: chrome on MAC (6cb895a5ae5340c4473b598f962d2e53)] -> xpath: //img[contains(@src,'logo')]]element is not visible after 10 seconds.
  2021-11-25 09:36:28 INFO  Library:50 - [[ChromeDriver: chrome on MAC (6cb895a5ae5340c4473b598f962d2e53)] -> id: txtUsername] value is cleared.
  2021-11-25 09:36:28 INFO  Library:37 - Admin value set to [[ChromeDriver: chrome on MAC (6cb895a5ae5340c4473b598f962d2e53)] -> id: txtUsername]
  2021-11-25 09:36:28 INFO  Library:50 - [[ChromeDriver: chrome on MAC (6cb895a5ae5340c4473b598f962d2e53)] -> name: txtPassword] value is cleared.
  2021-11-25 09:36:28 INFO  Library:37 - Admin value set to [[ChromeDriver: chrome on MAC (6cb895a5ae5340c4473b598f962d2e53)] -> name: txtPassword]
  2021-11-25 09:36:29 INFO  Library:23 - [[ChromeDriver: chrome on MAC (6cb895a5ae5340c4473b598f962d2e53)] -> id: btnLogin] got clicked.
  2021-11-25 09:36:40 INFO  WaitHelper:55 - Proxy element for: DefaultElementLocator 'By.id: welcome'element is not visible after 10 seconds.
  2021-11-25 09:36:40 INFO  TestBase:64 - Execution completed on Enviroment: production
  2021-11-25 09:36:40 INFO  TestBase:65 - Project path is : /Users/ashu/eclipse-workspace/OrangeHRM/
  2021-11-25 09:36:40 INFO  TestBase:66 - Automation Reports generated on : /Users/ashu/eclipse-workspace/OrangeHRM/AutomationReport/
  2021-11-25 09:36:40 INFO  TestBase:67 - Image available on :/Users/ashu/eclipse-workspace/OrangeHRM/src/test/resources/images/
  2021-11-25 09:36:40 INFO  TestBase:71 - Browser is closing....
  2021-11-25 09:37:55 INFO  TestBase:40 - Before Suite Exceution Enviroment: production
  2021-11-25 09:37:55 INFO  TestBase:41 - Project path is : /Users/ashu/eclipse-workspace/OrangeHRM/
  2021-11-25 09:37:55 INFO  TestBase:42 - Automation Reports: /Users/ashu/eclipse-workspace/OrangeHRM/AutomationReport/
  2021-11-25 09:37:55 INFO  TestBase:43 - Image :/Users/ashu/eclipse-workspace/OrangeHRM/src/test/resources/images/
  2021-11-25 09:37:55 INFO  TestBase:44 - Properties: /Users/ashu/eclipse-workspace/OrangeHRM/src/test/resources/propertiesFile/
  2021-11-25 09:37:58 INFO  TestBase:47 - Driver initialization......
  2021-11-25 09:38:02 INFO  TestBase:49 - Application Launch successfully
  2021-11-25 09:38:02 INFO  TestBase:51 - Maximizing Window
  2021-11-25 09:38:02 INFO  WaitHelper:29 - Implicit wait has been set to: 10
  2021-11-25 09:38:02 INFO  WaitHelper:52 - [[ChromeDriver: chrome on MAC (2e79de10380bbe2680fbb7cec45feeec)] -> xpath: //img[contains(@src,'logo')]]element is not visible after 10 seconds.
  2021-11-25 09:38:03 INFO  Library:50 - [[ChromeDriver: chrome on MAC (2e79de10380bbe2680fbb7cec45feeec)] -> id: txtUsername] value is cleared.
  2021-11-25 09:38:03 INFO  Library:37 - Admin value set to [[ChromeDriver: chrome on MAC (2e79de10380bbe2680fbb7cec45feeec)] -> id: txtUsername]
  2021-11-25 09:38:03 INFO  Library:50 - [[ChromeDriver: chrome on MAC (2e79de10380bbe2680fbb7cec45feeec)] -> name: txtPassword] value is cleared.
  2021-11-25 09:38:03 INFO  Library:37 - Admin value set to [[ChromeDriver: chrome on MAC (2e79de10380bbe2680fbb7cec45feeec)] -> name: txtPassword]
  2021-11-25 09:38:04 INFO  Library:23 - [[ChromeDriver: chrome on MAC (2e79de10380bbe2680fbb7cec45feeec)] -> id: btnLogin] got clicked.
  2021-11-25 09:38:10 INFO  WaitHelper:52 - Proxy element for: DefaultElementLocator 'By.id: welcome'element is not visible after 10 seconds.
  2021-11-25 09:38:10 INFO  TestBase:64 - Execution completed on Enviroment: production
  2021-11-25 09:38:10 INFO  TestBase:65 - Project path is : /Users/ashu/eclipse-workspace/OrangeHRM/
  2021-11-25 09:38:10 INFO  TestBase:66 - Automation Reports generated on : /Users/ashu/eclipse-workspace/OrangeHRM/AutomationReport/
  2021-11-25 09:38:10 INFO  TestBase:67 - Image available on :/Users/ashu/eclipse-workspace/OrangeHRM/src/test/resources/images/
  2021-11-25 09:38:10 INFO  TestBase:71 - Browser is closing....
  2021-11-25 09:52:08 INFO  TestBase:40 - Before Suite Exceution Enviroment: production
  2021-11-25 09:52:08 INFO  TestBase:41 - Project path is : /Users/ashu/eclipse-workspace/OrangeHRM/
  2021-11-25 09:52:08 INFO  TestBase:42 - Automation Reports: /Users/ashu/eclipse-workspace/OrangeHRM/AutomationReport/
  2021-11-25 09:52:08 INFO  TestBase:43 - Image :/Users/ashu/eclipse-workspace/OrangeHRM/src/test/resources/images/
  2021-11-25 09:52:08 INFO  TestBase:44 - Properties: /Users/ashu/eclipse-workspace/OrangeHRM/src/test/resources/propertiesFile/
  2021-11-25 09:52:11 INFO  TestBase:47 - Driver initialization......
  2021-11-25 09:52:15 INFO  TestBase:49 - Application Launch successfully
  2021-11-25 09:52:15 INFO  TestBase:51 - Maximizing Window
  2021-11-25 09:52:15 INFO  WaitHelper:29 - Implicit wait has been set to: 10
  2021-11-25 09:52:15 INFO  WaitHelper:52 - [[ChromeDriver: chrome on MAC (44f6c4322e6236f2fac2bb95483370c7)] -> xpath: //img[contains(@src,'logo')]]element is not visible after 10 seconds.
  2021-11-25 09:52:16 INFO  Library:50 - [[ChromeDriver: chrome on MAC (44f6c4322e6236f2fac2bb95483370c7)] -> id: txtUsername] value is cleared.
  2021-11-25 09:52:16 INFO  Library:37 - Admin value set to [[ChromeDriver: chrome on MAC (44f6c4322e6236f2fac2bb95483370c7)] -> id: txtUsername]
  2021-11-25 09:52:16 INFO  Library:50 - [[ChromeDriver: chrome on MAC (44f6c4322e6236f2fac2bb95483370c7)] -> name: txtPassword] value is cleared.
  2021-11-25 09:52:16 INFO  Library:37 - Admin value set to [[ChromeDriver: chrome on MAC (44f6c4322e6236f2fac2bb95483370c7)] -> name: txtPassword]
  2021-11-25 09:52:17 INFO  Library:23 - [[ChromeDriver: chrome on MAC (44f6c4322e6236f2fac2bb95483370c7)] -> id: btnLogin] got clicked.
  2021-11-25 09:52:27 INFO  WaitHelper:52 - Proxy element for: DefaultElementLocator 'By.id: welcome'element is not visible after 10 seconds.
  2021-11-25 09:52:28 INFO  TestBase:64 - Execution completed on Enviroment: production
  2021-11-25 09:52:28 INFO  TestBase:65 - Project path is : /Users/ashu/eclipse-workspace/OrangeHRM/
  2021-11-25 09:52:28 INFO  TestBase:66 - Automation Reports generated on : /Users/ashu/eclipse-workspace/OrangeHRM/AutomationReport/
  2021-11-25 09:52:28 INFO  TestBase:67 - Image available on :/Users/ashu/eclipse-workspace/OrangeHRM/src/test/resources/images/
  2021-11-25 09:52:28 INFO  TestBase:71 - Browser is closing....
  2021-11-25 09:54:57 INFO  TestBase:40 - Before Suite Exceution Enviroment: production
  2021-11-25 09:54:57 INFO  TestBase:41 - Project path is : /Users/ashu/eclipse-workspace/OrangeHRM/
  2021-11-25 09:54:57 INFO  TestBase:42 - Automation Reports: /Users/ashu/eclipse-workspace/OrangeHRM/AutomationReport/
  2021-11-25 09:54:57 INFO  TestBase:43 - Image :/Users/ashu/eclipse-workspace/OrangeHRM/src/test/resources/images/
  2021-11-25 09:54:57 INFO  TestBase:44 - Properties: /Users/ashu/eclipse-workspace/OrangeHRM/src/test/resources/propertiesFile/
  2021-11-25 09:55:00 INFO  TestBase:47 - Driver initialization......
  2021-11-25 09:55:04 INFO  TestBase:49 - Application Launch successfully
  2021-11-25 09:55:04 INFO  TestBase:51 - Maximizing Window
  2021-11-25 09:55:04 INFO  WaitHelper:29 - Implicit wait has been set to: 10
  2021-11-25 09:55:04 INFO  WaitHelper:52 - [[ChromeDriver: chrome on MAC (2cc61a41ad63e9272cdc0322fc95ee0c)] -> xpath: //img[contains(@src,'logo')]]element is not visible after 10 seconds.
  2021-11-25 09:55:04 INFO  TestBase:64 - Execution completed on Enviroment: production
  2021-11-25 09:55:04 INFO  TestBase:65 - Project path is : /Users/ashu/eclipse-workspace/OrangeHRM/
  2021-11-25 09:55:04 INFO  TestBase:66 - Automation Reports generated on : /Users/ashu/eclipse-workspace/OrangeHRM/AutomationReport/
  2021-11-25 09:55:04 INFO  TestBase:67 - Image available on :/Users/ashu/eclipse-workspace/OrangeHRM/src/test/resources/images/
  2021-11-25 09:55:05 INFO  TestBase:71 - Browser is closing....
  2021-11-25 09:56:26 INFO  TestBase:40 - Before Suite Exceution Enviroment: production
  2021-11-25 09:56:26 INFO  TestBase:41 - Project path is : /Users/ashu/eclipse-workspace/OrangeHRM/
  2021-11-25 09:56:26 INFO  TestBase:42 - Automation Reports: /Users/ashu/eclipse-workspace/OrangeHRM/AutomationReport/
  2021-11-25 09:56:26 INFO  TestBase:43 - Image :/Users/ashu/eclipse-workspace/OrangeHRM/src/test/resources/images/
  2021-11-25 09:56:26 INFO  TestBase:44 - Properties: /Users/ashu/eclipse-workspace/OrangeHRM/src/test/resources/propertiesFile/
  2021-11-25 09:56:29 INFO  TestBase:47 - Driver initialization......
  2021-11-25 09:56:34 INFO  TestBase:49 - Application Launch successfully
  2021-11-25 09:56:34 INFO  TestBase:51 - Maximizing Window
  2021-11-25 09:56:34 INFO  WaitHelper:29 - Implicit wait has been set to: 10
  2021-11-25 09:56:34 INFO  TestBase:64 - Execution completed on Enviroment: production
  2021-11-25 09:56:34 INFO  TestBase:65 - Project path is : /Users/ashu/eclipse-workspace/OrangeHRM/
  2021-11-25 09:56:34 INFO  TestBase:66 - Automation Reports generated on : /Users/ashu/eclipse-workspace/OrangeHRM/AutomationReport/
  2021-11-25 09:56:34 INFO  TestBase:67 - Image available on :/Users/ashu/eclipse-workspace/OrangeHRM/src/test/resources/images/
  2021-11-25 09:56:34 INFO  TestBase:71 - Browser is closing....
  2021-11-25 09:57:55 INFO  TestBase:40 - Before Suite Exceution Enviroment: production
  2021-11-25 09:57:55 INFO  TestBase:41 - Project path is : /Users/ashu/eclipse-workspace/OrangeHRM/
  2021-11-25 09:57:55 INFO  TestBase:42 - Automation Reports: /Users/ashu/eclipse-workspace/OrangeHRM/AutomationReport/
  2021-11-25 09:57:55 INFO  TestBase:43 - Image :/Users/ashu/eclipse-workspace/OrangeHRM/src/test/resources/images/
  2021-11-25 09:57:55 INFO  TestBase:44 - Properties: /Users/ashu/eclipse-workspace/OrangeHRM/src/test/resources/propertiesFile/
  2021-11-25 09:57:58 INFO  TestBase:47 - Driver initialization......
  2021-11-25 09:58:02 INFO  TestBase:49 - Application Launch successfully
  2021-11-25 09:58:02 INFO  TestBase:51 - Maximizing Window
  2021-11-25 09:58:02 INFO  WaitHelper:29 - Implicit wait has been set to: 10
  2021-11-25 09:58:02 INFO  WaitHelper:52 - [[ChromeDriver: chrome on MAC (86dac899a4003367077ce8d6d09d12c3)] -> xpath: //img[contains(@src,'logo')]]element is not visible after 10 seconds.
  2021-11-25 09:58:02 INFO  TestBase:64 - Execution completed on Enviroment: production
  2021-11-25 09:58:02 INFO  TestBase:65 - Project path is : /Users/ashu/eclipse-workspace/OrangeHRM/
  2021-11-25 09:58:02 INFO  TestBase:66 - Automation Reports generated on : /Users/ashu/eclipse-workspace/OrangeHRM/AutomationReport/
  2021-11-25 09:58:02 INFO  TestBase:67 - Image available on :/Users/ashu/eclipse-workspace/OrangeHRM/src/test/resources/images/
  2021-11-25 09:58:02 INFO  TestBase:71 - Browser is closing....
  2021-11-25 10:00:26 INFO  TestBase:40 - Before Suite Exceution Enviroment: production
  2021-11-25 10:00:26 INFO  TestBase:41 - Project path is : /Users/ashu/eclipse-workspace/OrangeHRM/
  2021-11-25 10:00:26 INFO  TestBase:42 - Automation Reports: /Users/ashu/eclipse-workspace/OrangeHRM/AutomationReport/
  2021-11-25 10:00:26 INFO  TestBase:43 - Image :/Users/ashu/eclipse-workspace/OrangeHRM/src/test/resources/images/
  2021-11-25 10:00:26 INFO  TestBase:44 - Properties: /Users/ashu/eclipse-workspace/OrangeHRM/src/test/resources/propertiesFile/
  2021-11-25 10:00:29 INFO  TestBase:47 - Driver initialization......
  2021-11-25 10:00:33 INFO  TestBase:49 - Application Launch successfully
  2021-11-25 10:00:33 INFO  TestBase:51 - Maximizing Window
  2021-11-25 10:00:33 INFO  WaitHelper:29 - Implicit wait has been set to: 10
  2021-11-25 10:00:34 INFO  TestBase:64 - Execution completed on Enviroment: production
  2021-11-25 10:00:34 INFO  TestBase:65 - Project path is : /Users/ashu/eclipse-workspace/OrangeHRM/
  2021-11-25 10:00:34 INFO  TestBase:66 - Automation Reports generated on : /Users/ashu/eclipse-workspace/OrangeHRM/AutomationReport/
  2021-11-25 10:00:34 INFO  TestBase:67 - Image available on :/Users/ashu/eclipse-workspace/OrangeHRM/src/test/resources/images/
  2021-11-25 10:00:34 INFO  TestBase:71 - Browser is closing....
  2021-11-25 10:01:26 INFO  TestBase:40 - Before Suite Exceution Enviroment: production
  2021-11-25 10:01:26 INFO  TestBase:41 - Project path is : /Users/ashu/eclipse-workspace/OrangeHRM/
  2021-11-25 10:01:26 INFO  TestBase:42 - Automation Reports: /Users/ashu/eclipse-workspace/OrangeHRM/AutomationReport/
  2021-11-25 10:01:26 INFO  TestBase:43 - Image :/Users/ashu/eclipse-workspace/OrangeHRM/src/test/resources/images/
  2021-11-25 10:01:26 INFO  TestBase:44 - Properties: /Users/ashu/eclipse-workspace/OrangeHRM/src/test/resources/propertiesFile/
  2021-11-25 10:01:28 INFO  TestBase:47 - Driver initialization......
  2021-11-25 10:01:32 INFO  TestBase:49 - Application Launch successfully
  2021-11-25 10:01:33 INFO  TestBase:51 - Maximizing Window
  2021-11-25 10:02:31 INFO  TestBase:40 - Before Suite Exceution Enviroment: production
  2021-11-25 10:02:31 INFO  TestBase:41 - Project path is : /Users/ashu/eclipse-workspace/OrangeHRM/
  2021-11-25 10:02:31 INFO  TestBase:42 - Automation Reports: /Users/ashu/eclipse-workspace/OrangeHRM/AutomationReport/
  2021-11-25 10:02:31 INFO  TestBase:43 - Image :/Users/ashu/eclipse-workspace/OrangeHRM/src/test/resources/images/
  2021-11-25 10:02:31 INFO  TestBase:44 - Properties: /Users/ashu/eclipse-workspace/OrangeHRM/src/test/resources/propertiesFile/
  2021-11-25 10:02:34 INFO  TestBase:47 - Driver initialization......
  2021-11-25 10:02:38 INFO  TestBase:49 - Application Launch successfully
  2021-11-25 10:02:38 INFO  TestBase:51 - Maximizing Window
  2021-11-25 10:02:38 INFO  WaitHelper:29 - Implicit wait has been set to: 10
  2021-11-25 10:02:39 INFO  Library:50 - [[ChromeDriver: chrome on MAC (d08434c7016ff5cecf248f1a71a2da40)] -> id: txtUsername] value is cleared.
  2021-11-25 10:02:39 INFO  Library:37 - Admin value set to [[ChromeDriver: chrome on MAC (d08434c7016ff5cecf248f1a71a2da40)] -> id: txtUsername]
  2021-11-25 10:02:39 INFO  Library:50 - [[ChromeDriver: chrome on MAC (d08434c7016ff5cecf248f1a71a2da40)] -> name: txtPassword] value is cleared.
  2021-11-25 10:02:39 INFO  Library:37 - Admin value set to [[ChromeDriver: chrome on MAC (d08434c7016ff5cecf248f1a71a2da40)] -> name: txtPassword]
  2021-11-25 10:02:41 INFO  Library:23 - [[ChromeDriver: chrome on MAC (d08434c7016ff5cecf248f1a71a2da40)] -> id: btnLogin] got clicked.
  2021-11-25 10:03:11 INFO  WaitHelper:52 - Proxy element for: DefaultElementLocator 'By.id: welcome'element is not visible after 10 seconds.
  2021-11-25 10:03:11 INFO  TestBase:64 - Execution completed on Enviroment: production
  2021-11-25 10:03:11 INFO  TestBase:65 - Project path is : /Users/ashu/eclipse-workspace/OrangeHRM/
  2021-11-25 10:03:11 INFO  TestBase:66 - Automation Reports generated on : /Users/ashu/eclipse-workspace/OrangeHRM/AutomationReport/
  2021-11-25 10:03:11 INFO  TestBase:67 - Image available on :/Users/ashu/eclipse-workspace/OrangeHRM/src/test/resources/images/
  2021-11-25 10:03:11 INFO  TestBase:71 - Browser is closing....
  2021-11-25 10:04:24 INFO  TestBase:40 - Before Suite Exceution Enviroment: production
  2021-11-25 10:04:24 INFO  TestBase:41 - Project path is : /Users/ashu/eclipse-workspace/OrangeHRM/
  2021-11-25 10:04:24 INFO  TestBase:42 - Automation Reports: /Users/ashu/eclipse-workspace/OrangeHRM/AutomationReport/
  2021-11-25 10:04:24 INFO  TestBase:43 - Image :/Users/ashu/eclipse-workspace/OrangeHRM/src/test/resources/images/
  2021-11-25 10:04:24 INFO  TestBase:44 - Properties: /Users/ashu/eclipse-workspace/OrangeHRM/src/test/resources/propertiesFile/
  2021-11-25 10:04:27 INFO  TestBase:47 - Driver initialization......
  2021-11-25 10:04:31 INFO  TestBase:49 - Application Launch successfully
  2021-11-25 10:04:31 INFO  TestBase:51 - Maximizing Window
  2021-11-25 10:04:31 INFO  WaitHelper:29 - Implicit wait has been set to: 10
  2021-11-25 10:04:31 INFO  Library:50 - [[ChromeDriver: chrome on MAC (2a341e28ccfcc95f6b80801af0cee571)] -> id: txtUsername] value is cleared.
  2021-11-25 10:04:32 INFO  Library:37 - Admin value set to [[ChromeDriver: chrome on MAC (2a341e28ccfcc95f6b80801af0cee571)] -> id: txtUsername]
  2021-11-25 10:04:32 INFO  Library:50 - [[ChromeDriver: chrome on MAC (2a341e28ccfcc95f6b80801af0cee571)] -> name: txtPassword] value is cleared.
  2021-11-25 10:04:32 INFO  Library:37 - Admin value set to [[ChromeDriver: chrome on MAC (2a341e28ccfcc95f6b80801af0cee571)] -> name: txtPassword]
  2021-11-25 10:04:33 INFO  Library:23 - [[ChromeDriver: chrome on MAC (2a341e28ccfcc95f6b80801af0cee571)] -> id: btnLogin] got clicked.
  2021-11-25 10:05:03 INFO  WaitHelper:52 - Proxy element for: DefaultElementLocator 'By.id: welcome'element is not visible after 10 seconds.
  2021-11-25 10:05:03 INFO  TestBase:64 - Execution completed on Enviroment: production
  2021-11-25 10:05:03 INFO  TestBase:65 - Project path is : /Users/ashu/eclipse-workspace/OrangeHRM/
  2021-11-25 10:05:03 INFO  TestBase:66 - Automation Reports generated on : /Users/ashu/eclipse-workspace/OrangeHRM/AutomationReport/
  2021-11-25 10:05:03 INFO  TestBase:67 - Image available on :/Users/ashu/eclipse-workspace/OrangeHRM/src/test/resources/images/
  2021-11-25 10:05:03 INFO  TestBase:71 - Browser is closing....
  2021-11-25 10:06:16 INFO  TestBase:40 - Before Suite Exceution Enviroment: production
  2021-11-25 10:06:16 INFO  TestBase:41 - Project path is : /Users/ashu/eclipse-workspace/OrangeHRM/
  2021-11-25 10:06:16 INFO  TestBase:42 - Automation Reports: /Users/ashu/eclipse-workspace/OrangeHRM/AutomationReport/
  2021-11-25 10:06:16 INFO  TestBase:43 - Image :/Users/ashu/eclipse-workspace/OrangeHRM/src/test/resources/images/
  2021-11-25 10:06:16 INFO  TestBase:44 - Properties: /Users/ashu/eclipse-workspace/OrangeHRM/src/test/resources/propertiesFile/
  2021-11-25 10:06:18 INFO  TestBase:47 - Driver initialization......
  2021-11-25 10:06:23 INFO  TestBase:49 - Application Launch successfully
  2021-11-25 10:06:23 INFO  TestBase:51 - Maximizing Window
  2021-11-25 10:06:23 INFO  WaitHelper:29 - Implicit wait has been set to: 10
  2021-11-25 10:06:23 INFO  Library:50 - [[ChromeDriver: chrome on MAC (2491963bf03ed867e5100779a3547553)] -> id: txtUsername] value is cleared.
  2021-11-25 10:06:23 INFO  Library:37 - Admin value set to [[ChromeDriver: chrome on MAC (2491963bf03ed867e5100779a3547553)] -> id: txtUsername]
  2021-11-25 10:06:23 INFO  Library:50 - [[ChromeDriver: chrome on MAC (2491963bf03ed867e5100779a3547553)] -> name: txtPassword] value is cleared.
  2021-11-25 10:06:23 INFO  Library:37 - Admin value set to [[ChromeDriver: chrome on MAC (2491963bf03ed867e5100779a3547553)] -> name: txtPassword]
  2021-11-25 10:06:25 INFO  Library:23 - [[ChromeDriver: chrome on MAC (2491963bf03ed867e5100779a3547553)] -> id: btnLogin] got clicked.
  2021-11-25 10:06:55 INFO  WaitHelper:52 - Proxy element for: DefaultElementLocator 'By.id: welcome'element is not visible after 10 seconds.
  2021-11-25 10:06:55 INFO  TestBase:64 - Execution completed on Enviroment: production
  2021-11-25 10:06:55 INFO  TestBase:65 - Project path is : /Users/ashu/eclipse-workspace/OrangeHRM/
  2021-11-25 10:06:55 INFO  TestBase:66 - Automation Reports generated on : /Users/ashu/eclipse-workspace/OrangeHRM/AutomationReport/
  2021-11-25 10:06:55 INFO  TestBase:67 - Image available on :/Users/ashu/eclipse-workspace/OrangeHRM/src/test/resources/images/
  2021-11-25 10:06:55 INFO  TestBase:71 - Browser is closing....
  2021-11-25 10:07:32 INFO  TestBase:40 - Before Suite Exceution Enviroment: production
  2021-11-25 10:07:32 INFO  TestBase:41 - Project path is : /Users/ashu/eclipse-workspace/OrangeHRM/
  2021-11-25 10:07:32 INFO  TestBase:42 - Automation Reports: /Users/ashu/eclipse-workspace/OrangeHRM/AutomationReport/
  2021-11-25 10:07:32 INFO  TestBase:43 - Image :/Users/ashu/eclipse-workspace/OrangeHRM/src/test/resources/images/
  2021-11-25 10:07:32 INFO  TestBase:44 - Properties: /Users/ashu/eclipse-workspace/OrangeHRM/src/test/resources/propertiesFile/
  2021-11-25 10:07:35 INFO  TestBase:47 - Driver initialization......
  2021-11-25 10:07:39 INFO  TestBase:49 - Application Launch successfully
  2021-11-25 10:07:39 INFO  TestBase:51 - Maximizing Window
  2021-11-25 10:07:39 INFO  WaitHelper:29 - Implicit wait has been set to: 10
  2021-11-25 10:07:39 INFO  Library:50 - [[ChromeDriver: chrome on MAC (eb9940daa2acdc139142898b6122bbca)] -> id: txtUsername] value is cleared.
  2021-11-25 10:07:39 INFO  Library:37 - Admin value set to [[ChromeDriver: chrome on MAC (eb9940daa2acdc139142898b6122bbca)] -> id: txtUsername]
  2021-11-25 10:07:39 INFO  Library:50 - [[ChromeDriver: chrome on MAC (eb9940daa2acdc139142898b6122bbca)] -> id: txtPassword] value is cleared.
  2021-11-25 10:07:39 INFO  Library:37 - Admin value set to [[ChromeDriver: chrome on MAC (eb9940daa2acdc139142898b6122bbca)] -> id: txtPassword]
  2021-11-25 10:07:41 INFO  Library:23 - [[ChromeDriver: chrome on MAC (eb9940daa2acdc139142898b6122bbca)] -> id: btnLogin] got clicked.
  2021-11-25 10:08:11 INFO  WaitHelper:52 - Proxy element for: DefaultElementLocator 'By.id: welcome'element is not visible after 10 seconds.
  2021-11-25 10:08:11 INFO  TestBase:64 - Execution completed on Enviroment: production
  2021-11-25 10:08:11 INFO  TestBase:65 - Project path is : /Users/ashu/eclipse-workspace/OrangeHRM/
  2021-11-25 10:08:11 INFO  TestBase:66 - Automation Reports generated on : /Users/ashu/eclipse-workspace/OrangeHRM/AutomationReport/
  2021-11-25 10:08:11 INFO  TestBase:67 - Image available on :/Users/ashu/eclipse-workspace/OrangeHRM/src/test/resources/images/
  2021-11-25 10:08:11 INFO  TestBase:71 - Browser is closing....
  2021-11-25 10:09:14 INFO  TestBase:40 - Before Suite Exceution Enviroment: production
  2021-11-25 10:09:14 INFO  TestBase:41 - Project path is : /Users/ashu/eclipse-workspace/OrangeHRM/
  2021-11-25 10:09:14 INFO  TestBase:42 - Automation Reports: /Users/ashu/eclipse-workspace/OrangeHRM/AutomationReport/
  2021-11-25 10:09:14 INFO  TestBase:43 - Image :/Users/ashu/eclipse-workspace/OrangeHRM/src/test/resources/images/
  2021-11-25 10:09:14 INFO  TestBase:44 - Properties: /Users/ashu/eclipse-workspace/OrangeHRM/src/test/resources/propertiesFile/
  2021-11-25 10:09:17 INFO  TestBase:47 - Driver initialization......
  2021-11-25 10:09:21 INFO  TestBase:49 - Application Launch successfully
  2021-11-25 10:09:21 INFO  TestBase:51 - Maximizing Window
  2021-11-25 10:09:21 INFO  WaitHelper:29 - Implicit wait has been set to: 10
  2021-11-25 10:09:22 INFO  Library:50 - [[ChromeDriver: chrome on MAC (901f360eed83c1dd8c0ab146d4210cc3)] -> id: txtUsername] value is cleared.
  2021-11-25 10:09:22 INFO  Library:37 - Admin value set to [[ChromeDriver: chrome on MAC (901f360eed83c1dd8c0ab146d4210cc3)] -> id: txtUsername]
  2021-11-25 10:09:22 INFO  Library:50 - [[ChromeDriver: chrome on MAC (901f360eed83c1dd8c0ab146d4210cc3)] -> id: txtPassword] value is cleared.
  2021-11-25 10:09:22 INFO  Library:37 - Admin value set to [[ChromeDriver: chrome on MAC (901f360eed83c1dd8c0ab146d4210cc3)] -> id: txtPassword]
  2021-11-25 10:09:23 INFO  Library:23 - [[ChromeDriver: chrome on MAC (901f360eed83c1dd8c0ab146d4210cc3)] -> id: btnLogin] got clicked.
  2021-11-25 10:09:56 INFO  WaitHelper:52 - Proxy element for: DefaultElementLocator 'By.id: welcome'element is not visible after 10 seconds.
  2021-11-25 10:09:56 INFO  TestBase:64 - Execution completed on Enviroment: production
  2021-11-25 10:09:56 INFO  TestBase:65 - Project path is : /Users/ashu/eclipse-workspace/OrangeHRM/
  2021-11-25 10:09:56 INFO  TestBase:66 - Automation Reports generated on : /Users/ashu/eclipse-workspace/OrangeHRM/AutomationReport/
  2021-11-25 10:09:56 INFO  TestBase:67 - Image available on :/Users/ashu/eclipse-workspace/OrangeHRM/src/test/resources/images/
  2021-11-25 10:09:56 INFO  TestBase:71 - Browser is closing....
  2021-11-25 10:10:49 INFO  TestBase:40 - Before Suite Exceution Enviroment: production
  2021-11-25 10:10:49 INFO  TestBase:41 - Project path is : /Users/ashu/eclipse-workspace/OrangeHRM/
  2021-11-25 10:10:49 INFO  TestBase:42 - Automation Reports: /Users/ashu/eclipse-workspace/OrangeHRM/AutomationReport/
  2021-11-25 10:10:49 INFO  TestBase:43 - Image :/Users/ashu/eclipse-workspace/OrangeHRM/src/test/resources/images/
  2021-11-25 10:10:49 INFO  TestBase:44 - Properties: /Users/ashu/eclipse-workspace/OrangeHRM/src/test/resources/propertiesFile/
  2021-11-25 10:10:51 INFO  TestBase:47 - Driver initialization......
  2021-11-25 10:10:56 INFO  TestBase:49 - Application Launch successfully
  2021-11-25 10:10:56 INFO  TestBase:51 - Maximizing Window
  2021-11-25 10:10:56 INFO  WaitHelper:29 - Implicit wait has been set to: 10
  2021-11-25 10:10:56 INFO  Library:37 - Admin value set to [[ChromeDriver: chrome on MAC (731f8b4725dc2c94ae557643441fd5c9)] -> id: txtUsername]
  2021-11-25 10:10:56 INFO  Library:37 - Admin value set to [[ChromeDriver: chrome on MAC (731f8b4725dc2c94ae557643441fd5c9)] -> id: txtPassword]
  2021-11-25 10:10:58 INFO  Library:23 - [[ChromeDriver: chrome on MAC (731f8b4725dc2c94ae557643441fd5c9)] -> id: btnLogin] got clicked.
  2021-11-25 10:11:19 INFO  WaitHelper:52 - [[ChromeDriver: chrome on MAC (731f8b4725dc2c94ae557643441fd5c9)] -> id: welcome]element is not visible after 10 seconds.
  2021-11-25 10:11:19 INFO  TestBase:64 - Execution completed on Enviroment: production
  2021-11-25 10:11:19 INFO  TestBase:65 - Project path is : /Users/ashu/eclipse-workspace/OrangeHRM/
  2021-11-25 10:11:19 INFO  TestBase:66 - Automation Reports generated on : /Users/ashu/eclipse-workspace/OrangeHRM/AutomationReport/
  2021-11-25 10:11:19 INFO  TestBase:67 - Image available on :/Users/ashu/eclipse-workspace/OrangeHRM/src/test/resources/images/
  2021-11-25 10:11:20 INFO  TestBase:71 - Browser is closing....
  2021-11-25 10:12:36 INFO  TestBase:40 - Before Suite Exceution Enviroment: production
  2021-11-25 10:12:36 INFO  TestBase:41 - Project path is : /Users/ashu/eclipse-workspace/OrangeHRM/
  2021-11-25 10:12:36 INFO  TestBase:42 - Automation Reports: /Users/ashu/eclipse-workspace/OrangeHRM/AutomationReport/
  2021-11-25 10:12:36 INFO  TestBase:43 - Image :/Users/ashu/eclipse-workspace/OrangeHRM/src/test/resources/images/
  2021-11-25 10:12:36 INFO  TestBase:44 - Properties: /Users/ashu/eclipse-workspace/OrangeHRM/src/test/resources/propertiesFile/
  2021-11-25 10:12:39 INFO  TestBase:47 - Driver initialization......
  2021-11-25 10:12:43 INFO  TestBase:49 - Application Launch successfully
  2021-11-25 10:12:43 INFO  TestBase:51 - Maximizing Window
  2021-11-25 10:12:43 INFO  WaitHelper:29 - Implicit wait has been set to: 10
  2021-11-25 10:12:43 INFO  Library:50 - [[ChromeDriver: chrome on MAC (f61af2d03fb980336cb6e569f43b736e)] -> id: txtUsername] value is cleared.
  2021-11-25 10:12:43 INFO  Library:37 - Admin value set to [[ChromeDriver: chrome on MAC (f61af2d03fb980336cb6e569f43b736e)] -> id: txtUsername]
  2021-11-25 10:12:43 INFO  Library:50 - [[ChromeDriver: chrome on MAC (f61af2d03fb980336cb6e569f43b736e)] -> id: txtPassword] value is cleared.
  2021-11-25 10:12:43 INFO  Library:37 - Admin value set to [[ChromeDriver: chrome on MAC (f61af2d03fb980336cb6e569f43b736e)] -> id: txtPassword]
  2021-11-25 10:12:45 INFO  Library:23 - [[ChromeDriver: chrome on MAC (f61af2d03fb980336cb6e569f43b736e)] -> id: btnLogin] got clicked.
  2021-11-25 10:13:17 INFO  WaitHelper:52 - Proxy element for: DefaultElementLocator 'By.id: welcome'element is not visible after 10 seconds.
  2021-11-25 10:13:17 INFO  TestBase:64 - Execution completed on Enviroment: production
  2021-11-25 10:13:17 INFO  TestBase:65 - Project path is : /Users/ashu/eclipse-workspace/OrangeHRM/
  2021-11-25 10:13:17 INFO  TestBase:66 - Automation Reports generated on : /Users/ashu/eclipse-workspace/OrangeHRM/AutomationReport/
  2021-11-25 10:13:17 INFO  TestBase:67 - Image available on :/Users/ashu/eclipse-workspace/OrangeHRM/src/test/resources/images/
  2021-11-25 10:13:18 INFO  TestBase:71 - Browser is closing....
  2021-11-25 10:14:38 INFO  TestBase:40 - Before Suite Exceution Enviroment: production
  2021-11-25 10:14:38 INFO  TestBase:41 - Project path is : /Users/ashu/eclipse-workspace/OrangeHRM/
  2021-11-25 10:14:38 INFO  TestBase:42 - Automation Reports: /Users/ashu/eclipse-workspace/OrangeHRM/AutomationReport/
  2021-11-25 10:14:38 INFO  TestBase:43 - Image :/Users/ashu/eclipse-workspace/OrangeHRM/src/test/resources/images/
  2021-11-25 10:14:38 INFO  TestBase:44 - Properties: /Users/ashu/eclipse-workspace/OrangeHRM/src/test/resources/propertiesFile/
  2021-11-25 10:14:41 INFO  TestBase:47 - Driver initialization......
  2021-11-25 10:14:45 INFO  TestBase:49 - Application Launch successfully
  2021-11-25 10:14:45 INFO  TestBase:51 - Maximizing Window
  2021-11-25 10:14:45 INFO  WaitHelper:29 - Implicit wait has been set to: 10
  2021-11-25 10:14:45 INFO  Library:50 - [[ChromeDriver: chrome on MAC (72c13d2f9dfa460d599fd25a496c0a2b)] -> id: txtUsername] value is cleared.
  2021-11-25 10:14:45 INFO  Library:37 - Admin value set to [[ChromeDriver: chrome on MAC (72c13d2f9dfa460d599fd25a496c0a2b)] -> id: txtUsername]
  2021-11-25 10:14:45 INFO  Library:50 - [[ChromeDriver: chrome on MAC (72c13d2f9dfa460d599fd25a496c0a2b)] -> id: txtPassword] value is cleared.
  2021-11-25 10:14:46 INFO  Library:37 - Admin value set to [[ChromeDriver: chrome on MAC (72c13d2f9dfa460d599fd25a496c0a2b)] -> id: txtPassword]
  2021-11-25 10:14:47 INFO  Library:23 - [[ChromeDriver: chrome on MAC (72c13d2f9dfa460d599fd25a496c0a2b)] -> id: btnLogin] got clicked.
  2021-11-25 10:14:59 INFO  TestBase:64 - Execution completed on Enviroment: production
  2021-11-25 10:14:59 INFO  TestBase:65 - Project path is : /Users/ashu/eclipse-workspace/OrangeHRM/
  2021-11-25 10:14:59 INFO  TestBase:66 - Automation Reports generated on : /Users/ashu/eclipse-workspace/OrangeHRM/AutomationReport/
  2021-11-25 10:14:59 INFO  TestBase:67 - Image available on :/Users/ashu/eclipse-workspace/OrangeHRM/src/test/resources/images/
  2021-11-25 10:15:00 INFO  TestBase:71 - Browser is closing....
  2021-11-25 10:15:56 INFO  TestBase:40 - Before Suite Exceution Enviroment: production
  2021-11-25 10:15:56 INFO  TestBase:41 - Project path is : /Users/ashu/eclipse-workspace/OrangeHRM/
  2021-11-25 10:15:56 INFO  TestBase:42 - Automation Reports: /Users/ashu/eclipse-workspace/OrangeHRM/AutomationReport/
  2021-11-25 10:15:56 INFO  TestBase:43 - Image :/Users/ashu/eclipse-workspace/OrangeHRM/src/test/resources/images/
  2021-11-25 10:15:56 INFO  TestBase:44 - Properties: /Users/ashu/eclipse-workspace/OrangeHRM/src/test/resources/propertiesFile/
  2021-11-25 10:15:59 INFO  TestBase:47 - Driver initialization......
  2021-11-25 10:16:03 INFO  TestBase:49 - Application Launch successfully
  2021-11-25 10:16:03 INFO  TestBase:51 - Maximizing Window
  2021-11-25 10:16:03 INFO  WaitHelper:29 - Implicit wait has been set to: 10
  2021-11-25 10:16:03 INFO  Library:50 - [[ChromeDriver: chrome on MAC (ac17e21867c373a0a5de384bae8a9357)] -> id: txtUsername] value is cleared.
  2021-11-25 10:16:03 INFO  Library:37 - Admin value set to [[ChromeDriver: chrome on MAC (ac17e21867c373a0a5de384bae8a9357)] -> id: txtUsername]
  2021-11-25 10:16:03 INFO  Library:50 - [[ChromeDriver: chrome on MAC (ac17e21867c373a0a5de384bae8a9357)] -> id: txtPassword] value is cleared.
  2021-11-25 10:16:03 INFO  Library:37 - Admin value set to [[ChromeDriver: chrome on MAC (ac17e21867c373a0a5de384bae8a9357)] -> id: txtPassword]
  2021-11-25 10:16:05 INFO  Library:23 - [[ChromeDriver: chrome on MAC (ac17e21867c373a0a5de384bae8a9357)] -> id: btnLogin] got clicked.
  2021-11-25 10:16:37 INFO  WaitHelper:52 - Proxy element for: DefaultElementLocator 'By.id: welcome'element is not visible after 10 seconds.
  2021-11-25 10:16:37 INFO  TestBase:64 - Execution completed on Enviroment: production
  2021-11-25 10:16:37 INFO  TestBase:65 - Project path is : /Users/ashu/eclipse-workspace/OrangeHRM/
  2021-11-25 10:16:37 INFO  TestBase:66 - Automation Reports generated on : /Users/ashu/eclipse-workspace/OrangeHRM/AutomationReport/
  2021-11-25 10:16:37 INFO  TestBase:67 - Image available on :/Users/ashu/eclipse-workspace/OrangeHRM/src/test/resources/images/
  2021-11-25 10:16:37 INFO  TestBase:71 - Browser is closing....
  2021-11-25 10:18:31 INFO  TestBase:40 - Before Suite Exceution Enviroment: production
  2021-11-25 10:18:31 INFO  TestBase:41 - Project path is : /Users/ashu/eclipse-workspace/OrangeHRM/
  2021-11-25 10:18:31 INFO  TestBase:42 - Automation Reports: /Users/ashu/eclipse-workspace/OrangeHRM/AutomationReport/
  2021-11-25 10:18:31 INFO  TestBase:43 - Image :/Users/ashu/eclipse-workspace/OrangeHRM/src/test/resources/images/
  2021-11-25 10:18:31 INFO  TestBase:44 - Properties: /Users/ashu/eclipse-workspace/OrangeHRM/src/test/resources/propertiesFile/
  2021-11-25 10:18:33 INFO  TestBase:47 - Driver initialization......
  2021-11-25 10:18:38 INFO  TestBase:49 - Application Launch successfully
  2021-11-25 10:18:38 INFO  TestBase:51 - Maximizing Window
  2021-11-25 10:18:38 INFO  WaitHelper:29 - Implicit wait has been set to: 10
  2021-11-25 10:18:38 INFO  Library:50 - [[ChromeDriver: chrome on MAC (5590b93c7b0d9992fb59b911b3ae4e08)] -> id: txtUsername] value is cleared.
  2021-11-25 10:18:39 INFO  Library:37 - Admin value set to [[ChromeDriver: chrome on MAC (5590b93c7b0d9992fb59b911b3ae4e08)] -> id: txtUsername]
  2021-11-25 10:18:39 INFO  Library:50 - [[ChromeDriver: chrome on MAC (5590b93c7b0d9992fb59b911b3ae4e08)] -> id: txtPassword] value is cleared.
  2021-11-25 10:18:39 INFO  Library:37 - Admin value set to [[ChromeDriver: chrome on MAC (5590b93c7b0d9992fb59b911b3ae4e08)] -> id: txtPassword]
  2021-11-25 10:18:40 INFO  Library:23 - [[ChromeDriver: chrome on MAC (5590b93c7b0d9992fb59b911b3ae4e08)] -> id: btnLogin] got clicked.
  2021-11-25 10:19:12 INFO  WaitHelper:52 - Proxy element for: DefaultElementLocator 'By.id: welcome'element is not visible after 10 seconds.
  2021-11-25 10:19:13 INFO  TestBase:64 - Execution completed on Enviroment: production
  2021-11-25 10:19:13 INFO  TestBase:65 - Project path is : /Users/ashu/eclipse-workspace/OrangeHRM/
  2021-11-25 10:19:13 INFO  TestBase:66 - Automation Reports generated on : /Users/ashu/eclipse-workspace/OrangeHRM/AutomationReport/
  2021-11-25 10:19:13 INFO  TestBase:67 - Image available on :/Users/ashu/eclipse-workspace/OrangeHRM/src/test/resources/images/
  2021-11-25 10:19:13 INFO  TestBase:71 - Browser is closing....
  2021-11-25 10:23:08 INFO  TestBase:40 - Before Suite Exceution Enviroment: production
  2021-11-25 10:23:08 INFO  TestBase:41 - Project path is : /Users/ashu/eclipse-workspace/OrangeHRM/
  2021-11-25 10:23:08 INFO  TestBase:42 - Automation Reports: /Users/ashu/eclipse-workspace/OrangeHRM/AutomationReport/
  2021-11-25 10:23:08 INFO  TestBase:43 - Image :/Users/ashu/eclipse-workspace/OrangeHRM/src/test/resources/images/
  2021-11-25 10:23:08 INFO  TestBase:44 - Properties: /Users/ashu/eclipse-workspace/OrangeHRM/src/test/resources/propertiesFile/
  2021-11-25 10:23:10 INFO  TestBase:47 - Driver initialization......
  2021-11-25 10:23:14 INFO  TestBase:49 - Application Launch successfully
  2021-11-25 10:23:15 INFO  TestBase:51 - Maximizing Window
  2021-11-25 10:23:15 INFO  WaitHelper:29 - Implicit wait has been set to: 10
  2021-11-25 10:23:15 INFO  Library:50 - [[ChromeDriver: chrome on MAC (08b6e25b033883e9a92092695b70a8cc)] -> id: txtUsername] value is cleared.
  2021-11-25 10:23:15 INFO  Library:37 - Admin value set to [[ChromeDriver: chrome on MAC (08b6e25b033883e9a92092695b70a8cc)] -> id: txtUsername]
  2021-11-25 10:23:15 INFO  Library:50 - [[ChromeDriver: chrome on MAC (08b6e25b033883e9a92092695b70a8cc)] -> id: txtPassword] value is cleared.
  2021-11-25 10:23:15 INFO  Library:37 - admin123 value set to [[ChromeDriver: chrome on MAC (08b6e25b033883e9a92092695b70a8cc)] -> id: txtPassword]
  2021-11-25 10:23:30 INFO  Library:23 - Proxy element for: DefaultElementLocator 'By.id: btnLogin' got clicked.
  2021-11-25 10:23:32 INFO  TestBase:64 - Execution completed on Enviroment: production
  2021-11-25 10:23:32 INFO  TestBase:65 - Project path is : /Users/ashu/eclipse-workspace/OrangeHRM/
  2021-11-25 10:23:32 INFO  TestBase:66 - Automation Reports generated on : /Users/ashu/eclipse-workspace/OrangeHRM/AutomationReport/
  2021-11-25 10:23:32 INFO  TestBase:67 - Image available on :/Users/ashu/eclipse-workspace/OrangeHRM/src/test/resources/images/
  2021-11-25 10:23:32 INFO  TestBase:71 - Browser is closing....
  2021-11-25 10:24:27 INFO  TestBase:40 - Before Suite Exceution Enviroment: production
  2021-11-25 10:24:27 INFO  TestBase:41 - Project path is : /Users/ashu/eclipse-workspace/OrangeHRM/
  2021-11-25 10:24:27 INFO  TestBase:42 - Automation Reports: /Users/ashu/eclipse-workspace/OrangeHRM/AutomationReport/
  2021-11-25 10:24:27 INFO  TestBase:43 - Image :/Users/ashu/eclipse-workspace/OrangeHRM/src/test/resources/images/
  2021-11-25 10:24:27 INFO  TestBase:44 - Properties: /Users/ashu/eclipse-workspace/OrangeHRM/src/test/resources/propertiesFile/
  2021-11-25 10:24:30 INFO  TestBase:47 - Driver initialization......
  2021-11-25 10:24:34 INFO  TestBase:49 - Application Launch successfully
  2021-11-25 10:24:34 INFO  TestBase:51 - Maximizing Window
  2021-11-25 10:24:34 INFO  WaitHelper:29 - Implicit wait has been set to: 10
  2021-11-25 10:24:34 INFO  Library:50 - [[ChromeDriver: chrome on MAC (c7ab53359fb3af93cad98fddb03c09fc)] -> id: txtUsername] value is cleared.
  2021-11-25 10:24:34 INFO  Library:37 - Admin value set to [[ChromeDriver: chrome on MAC (c7ab53359fb3af93cad98fddb03c09fc)] -> id: txtUsername]
  2021-11-25 10:24:34 INFO  Library:50 - [[ChromeDriver: chrome on MAC (c7ab53359fb3af93cad98fddb03c09fc)] -> id: txtPassword] value is cleared.
  2021-11-25 10:24:34 INFO  Library:37 - admin123 value set to [[ChromeDriver: chrome on MAC (c7ab53359fb3af93cad98fddb03c09fc)] -> id: txtPassword]
  2021-11-25 10:24:49 INFO  Library:23 - Proxy element for: DefaultElementLocator 'By.id: btnLogin' got clicked.
  2021-11-25 10:24:51 INFO  TestBase:64 - Execution completed on Enviroment: production
  2021-11-25 10:24:51 INFO  TestBase:65 - Project path is : /Users/ashu/eclipse-workspace/OrangeHRM/
  2021-11-25 10:24:51 INFO  TestBase:66 - Automation Reports generated on : /Users/ashu/eclipse-workspace/OrangeHRM/AutomationReport/
  2021-11-25 10:24:51 INFO  TestBase:67 - Image available on :/Users/ashu/eclipse-workspace/OrangeHRM/src/test/resources/images/
  2021-11-25 10:24:52 INFO  TestBase:71 - Browser is closing....
  2021-11-25 21:17:42 INFO  TestBase:40 - Before Suite Exceution Enviroment: production
  2021-11-25 21:17:42 INFO  TestBase:41 - Project path is : /Users/ashu/eclipse-workspace/OrangeHRM/
  2021-11-25 21:17:42 INFO  TestBase:42 - Automation Reports: /Users/ashu/eclipse-workspace/OrangeHRM/AutomationReport/
  2021-11-25 21:17:42 INFO  TestBase:43 - Image :/Users/ashu/eclipse-workspace/OrangeHRM/src/test/resources/images/
  2021-11-25 21:17:42 INFO  TestBase:44 - Properties: /Users/ashu/eclipse-workspace/OrangeHRM/src/test/resources/propertiesFile/
  2021-11-25 21:17:47 INFO  TestBase:47 - Driver initialization......
  2021-11-25 21:17:50 INFO  TestBase:49 - Application Launch successfully
  2021-11-25 21:17:51 INFO  TestBase:51 - Maximizing Window
  2021-11-25 21:17:51 INFO  WaitHelper:29 - Implicit wait has been set to: 10
  2021-11-25 21:17:51 INFO  Library:50 - [[ChromeDriver: chrome on MAC (a52e179e131e25f33e4629b2b24885fe)] -> id: txtUsername] value is cleared.
  2021-11-25 21:17:51 INFO  Library:37 - Admin value set to [[ChromeDriver: chrome on MAC (a52e179e131e25f33e4629b2b24885fe)] -> id: txtUsername]
  2021-11-25 21:17:51 INFO  Library:50 - [[ChromeDriver: chrome on MAC (a52e179e131e25f33e4629b2b24885fe)] -> id: txtPassword] value is cleared.
  2021-11-25 21:17:51 INFO  Library:37 - admin123 value set to [[ChromeDriver: chrome on MAC (a52e179e131e25f33e4629b2b24885fe)] -> id: txtPassword]
  2021-11-25 21:18:06 INFO  Library:23 - Proxy element for: DefaultElementLocator 'By.id: btnLogin' got clicked.
  2021-11-25 21:18:08 INFO  TestBase:64 - Execution completed on Enviroment: production
  2021-11-25 21:18:08 INFO  TestBase:65 - Project path is : /Users/ashu/eclipse-workspace/OrangeHRM/
  2021-11-25 21:18:08 INFO  TestBase:66 - Automation Reports generated on : /Users/ashu/eclipse-workspace/OrangeHRM/AutomationReport/
  2021-11-25 21:18:08 INFO  TestBase:67 - Image available on :/Users/ashu/eclipse-workspace/OrangeHRM/src/test/resources/images/
  2021-11-25 21:18:08 INFO  TestBase:71 - Browser is closing....
  2021-11-25 21:20:05 INFO  TestBase:40 - Before Suite Exceution Enviroment: production
  2021-11-25 21:20:05 INFO  TestBase:41 - Project path is : /Users/ashu/eclipse-workspace/OrangeHRM/
  2021-11-25 21:20:05 INFO  TestBase:42 - Automation Reports: /Users/ashu/eclipse-workspace/OrangeHRM/AutomationReport/
  2021-11-25 21:20:05 INFO  TestBase:43 - Image :/Users/ashu/eclipse-workspace/OrangeHRM/src/test/resources/images/
  2021-11-25 21:20:05 INFO  TestBase:44 - Properties: /Users/ashu/eclipse-workspace/OrangeHRM/src/test/resources/propertiesFile/
  2021-11-25 21:20:08 INFO  TestBase:47 - Driver initialization......
  2021-11-25 21:20:12 INFO  TestBase:49 - Application Launch successfully
  2021-11-25 21:20:12 INFO  TestBase:51 - Maximizing Window
  2021-11-25 21:20:12 INFO  WaitHelper:29 - Implicit wait has been set to: 10
  2021-11-25 21:20:13 INFO  Library:50 - [[ChromeDriver: chrome on MAC (dfc5f3f6cf075949b6ccb4ce7cb53317)] -> id: txtUsername] value is cleared.
  2021-11-25 21:20:13 INFO  Library:37 - Admin value set to [[ChromeDriver: chrome on MAC (dfc5f3f6cf075949b6ccb4ce7cb53317)] -> id: txtUsername]
  2021-11-25 21:20:13 INFO  Library:50 - [[ChromeDriver: chrome on MAC (dfc5f3f6cf075949b6ccb4ce7cb53317)] -> id: txtPassword] value is cleared.
  2021-11-25 21:20:13 INFO  Library:37 - admin123 value set to [[ChromeDriver: chrome on MAC (dfc5f3f6cf075949b6ccb4ce7cb53317)] -> id: txtPassword]
  2021-11-25 21:20:28 INFO  Library:23 - Proxy element for: DefaultElementLocator 'By.id: btnLogin' got clicked.
  2021-11-25 21:20:30 INFO  Library:23 - [[ChromeDriver: chrome on MAC (dfc5f3f6cf075949b6ccb4ce7cb53317)] -> id: welcome] got clicked.
  2021-11-25 21:20:31 INFO  TestBase:64 - Execution completed on Enviroment: production
  2021-11-25 21:20:31 INFO  TestBase:65 - Project path is : /Users/ashu/eclipse-workspace/OrangeHRM/
  2021-11-25 21:20:31 INFO  TestBase:66 - Automation Reports generated on : /Users/ashu/eclipse-workspace/OrangeHRM/AutomationReport/
  2021-11-25 21:20:31 INFO  TestBase:67 - Image available on :/Users/ashu/eclipse-workspace/OrangeHRM/src/test/resources/images/
  2021-11-25 21:20:31 INFO  TestBase:71 - Browser is closing....
  2021-11-25 21:42:27 INFO  TestBase:40 - Before Suite Exceution Enviroment: production
  2021-11-25 21:42:27 INFO  TestBase:41 - Project path is : /Users/ashu/eclipse-workspace/OrangeHRM/
  2021-11-25 21:42:27 INFO  TestBase:42 - Automation Reports: /Users/ashu/eclipse-workspace/OrangeHRM/AutomationReport/
  2021-11-25 21:42:27 INFO  TestBase:43 - Screenshots :/Users/ashu/eclipse-workspace/OrangeHRM/src/test/resources/images/
  2021-11-25 21:42:27 INFO  TestBase:44 - Properties: /Users/ashu/eclipse-workspace/OrangeHRM/src/test/resources/propertiesFile/
  2021-11-25 21:42:32 INFO  TestBase:47 - Driver initialization......
  2021-11-25 21:42:35 INFO  TestBase:49 - Application Launch successfully
  2021-11-25 21:42:36 INFO  TestBase:51 - Maximizing Window
  2021-11-25 21:42:36 INFO  WaitHelper:29 - Implicit wait has been set to: 10
  2021-11-25 21:42:36 INFO  TestBase:64 - Execution completed on Enviroment: production
  2021-11-25 21:42:36 INFO  TestBase:65 - Project path is : /Users/ashu/eclipse-workspace/OrangeHRM/
  2021-11-25 21:42:36 INFO  TestBase:66 - Automation Reports generated on : /Users/ashu/eclipse-workspace/OrangeHRM/AutomationReport/
  2021-11-25 21:42:36 INFO  TestBase:67 - Image available on :/Users/ashu/eclipse-workspace/OrangeHRM/src/test/resources/images/
  2021-11-25 21:42:37 INFO  TestBase:71 - Browser is closing....
  2021-11-25 21:48:06 INFO  TestBase:40 - Before Suite Exceution Enviroment: production
  2021-11-25 21:48:06 INFO  TestBase:41 - Project path is : /Users/ashu/eclipse-workspace/OrangeHRM/
  2021-11-25 21:48:06 INFO  TestBase:42 - Automation Reports: /Users/ashu/eclipse-workspace/OrangeHRM/AutomationReport/
  2021-11-25 21:48:06 INFO  TestBase:43 - Screenshots :/Users/ashu/eclipse-workspace/OrangeHRM/src/test/resources/images/
  2021-11-25 21:48:06 INFO  TestBase:44 - Properties: /Users/ashu/eclipse-workspace/OrangeHRM/src/test/resources/propertiesFile/
  2021-11-25 21:48:11 INFO  TestBase:47 - Driver initialization......
  2021-11-25 21:48:15 INFO  TestBase:49 - Application Launch successfully
  2021-11-25 21:48:15 INFO  TestBase:51 - Maximizing Window
  2021-11-25 21:48:15 INFO  WaitHelper:29 - Implicit wait has been set to: 10
  2021-11-25 21:48:16 INFO  Library:50 - [[ChromeDriver: chrome on MAC (b399895563e23feb43674108c445f9d1)] -> id: txtUsername] value is cleared.
  2021-11-25 21:48:16 INFO  Library:37 - Admin value set to [[ChromeDriver: chrome on MAC (b399895563e23feb43674108c445f9d1)] -> id: txtUsername]
  2021-11-25 21:48:16 INFO  Library:50 - [[ChromeDriver: chrome on MAC (b399895563e23feb43674108c445f9d1)] -> id: txtPassword] value is cleared.
  2021-11-25 21:48:16 INFO  Library:37 - admin123 value set to [[ChromeDriver: chrome on MAC (b399895563e23feb43674108c445f9d1)] -> id: txtPassword]
  2021-11-25 21:48:31 INFO  Library:23 - Proxy element for: DefaultElementLocator 'By.id: btnLogin' got clicked.
  2021-11-25 21:48:31 INFO  TestBase:64 - Execution completed on Enviroment: production
  2021-11-25 21:48:31 INFO  TestBase:65 - Project path is : /Users/ashu/eclipse-workspace/OrangeHRM/
  2021-11-25 21:48:31 INFO  TestBase:66 - Automation Reports generated on : /Users/ashu/eclipse-workspace/OrangeHRM/AutomationReport/
  2021-11-25 21:48:31 INFO  TestBase:67 - Image available on :/Users/ashu/eclipse-workspace/OrangeHRM/src/test/resources/images/
  2021-11-25 21:48:31 INFO  TestBase:71 - Browser is closing....
  2021-11-25 21:52:50 INFO  TestBase:36 - Before Suite Exceution Enviroment: production
  2021-11-25 21:52:50 INFO  TestBase:37 - Project path is : /Users/ashu/eclipse-workspace/OrangeHRM/
  2021-11-25 21:52:50 INFO  TestBase:38 - Automation Reports: /Users/ashu/eclipse-workspace/OrangeHRM/AutomationReport/
  2021-11-25 21:52:50 INFO  TestBase:39 - Screenshots :/Users/ashu/eclipse-workspace/OrangeHRM/src/test/resources/images/
  2021-11-25 21:52:50 INFO  TestBase:40 - Properties: /Users/ashu/eclipse-workspace/OrangeHRM/src/test/resources/propertiesFile/
  2021-11-25 21:52:55 INFO  TestBase:43 - Driver initialization......
  2021-11-25 21:52:58 INFO  TestBase:45 - Application Launch successfully
  2021-11-25 21:52:59 INFO  TestBase:47 - Maximizing Window
  2021-11-25 21:52:59 INFO  WaitHelper:29 - Implicit wait has been set to: 10
  2021-11-25 21:52:59 INFO  Library:50 - [[ChromeDriver: chrome on MAC (d8f380c53bd7d427c304c3601a561ff6)] -> id: txtUsername] value is cleared.
  2021-11-25 21:52:59 INFO  Library:37 - Admin value set to [[ChromeDriver: chrome on MAC (d8f380c53bd7d427c304c3601a561ff6)] -> id: txtUsername]
  2021-11-25 21:52:59 INFO  Library:50 - [[ChromeDriver: chrome on MAC (d8f380c53bd7d427c304c3601a561ff6)] -> id: txtPassword] value is cleared.
  2021-11-25 21:53:00 INFO  Library:37 - admin123 value set to [[ChromeDriver: chrome on MAC (d8f380c53bd7d427c304c3601a561ff6)] -> id: txtPassword]
  2021-11-25 21:53:14 INFO  Library:23 - Proxy element for: DefaultElementLocator 'By.id: btnLogin' got clicked.
  2021-11-25 21:53:15 INFO  TestBase:60 - Execution completed on Enviroment: production
  2021-11-25 21:53:15 INFO  TestBase:61 - Project path is : /Users/ashu/eclipse-workspace/OrangeHRM/
  2021-11-25 21:53:15 INFO  TestBase:62 - Automation Reports generated on : /Users/ashu/eclipse-workspace/OrangeHRM/AutomationReport/
  2021-11-25 21:53:15 INFO  TestBase:63 - Image available on :/Users/ashu/eclipse-workspace/OrangeHRM/src/test/resources/images/
  2021-11-25 21:53:15 INFO  TestBase:67 - Browser is closing....
  